<?xml version="1.0" encoding="UTF-8"?>
<!-- Generated by org.testng.reporters.JUnitReportReporter -->
<testsuite skipped="0" hostname="WINGB185152-1SG" name="SpaceXAutomation.SpaceXAPIAutomation.VerifyLatestAPI" tests="3" failures="0" timestamp="2021-06-01T18:20:33 IST" time="5.177" errors="0">
  <testcase name="verifyStatus" time="2.283" classname="SpaceXAutomation.SpaceXAPIAutomation.VerifyLatestAPI"/>
  <system-out/>
  <testcase name="verifyHeaders" time="1.331" classname="SpaceXAutomation.SpaceXAPIAutomation.VerifyLatestAPI"/>
  <system-out/>
  <testcase name="verifyBody" time="1.563" classname="SpaceXAutomation.SpaceXAPIAutomation.VerifyLatestAPI"/>
  <system-out/>
</testsuite> <!-- SpaceXAutomation.SpaceXAPIAutomation.VerifyLatestAPI -->
